<?xml version="1.0" encoding="UTF-8"?>
<testsuite name="GreeterTest" tests="1" skipped="0" failures="0" errors="0" timestamp="2023-06-23T16:59:15" hostname="ASUS-TUF-A17" time="0.049">
  <properties/>
  <testcase name="testThatGreeterReturnsTheCorrectGreeting" classname="GreeterTest" time="0.049"/>
  <system-out><![CDATA[]]></system-out>
  <system-err><![CDATA[]]></system-err>
</testsuite>
